 Job start date: 2022-03-30  time: 07:05:13
 ---------------------------------------------------
----------------------
 HYPE version 5.12.1  
----------------------
 File opened: ./SCRB_calib_model/info.txt
 WARNING: Unknown code on info.txt line: modeloption	snowevapmodel	1				
 File read  : ./SCRB_calib_model/info.txt
 Simulation information loaded (info.txt)

 --------Information about the simulation---------
 Current model set-up:  ./SCRB_calib_model/
 Simulation sequence:              0

 Simulation begin date  2000-01-01 00:00
 Crit/Output start date 2000-10-01 00:00
 Simulation end date    2017-09-30 00:00
 Simulation steplength  1d  
 Number of substances modelled           0
 Model options:
                PET model           1
           Snowfall model           0
       Snowfalldist model           2
           Snowmelt model           0
           Snowevap model           1
           Snowheat model           0
        Snowdensity model           0
  Frozen soil water flows           2
      Lakeriver ice model           0
   Glacier initialization           1
   Deep groundwater model           0
         Floodplain model           0
     Surface runoff model           0
       Infiltration model           3
            Wetland model           2
 Surface water temp model           0
      Growth season model           0
            Erosion model           0
       Soil leakage model           0
       Ilake connectivity           0

 Output information:
    6 output variables are asked to be saved for   1 subbasins
 -------------------------------------------------

 File opened: ./SCRB_calib_model/GeoClass.txt
 Warning: vegetation type not given in GeoClass.txt for slc-class           4  vegtype=1 (open) is used
 Class information loaded (GeoClass)
 File opened: ./SCRB_calib_model/GeoData.txt
 Geographical information loaded
 File opened: ./SCRB_calib_model/Pobs.txt
 File ready: ./SCRB_calib_model/Pobs.txt
 File opened: ./SCRB_calib_model/Tobs.txt
 File ready: ./SCRB_calib_model/Tobs.txt
 File opened: ./SCRB_calib_model/TMINobs.txt
 File ready: ./SCRB_calib_model/TMINobs.txt
 File opened: ./SCRB_calib_model/TMAXobs.txt
 File ready: ./SCRB_calib_model/TMAXobs.txt
 File ready: ./SCRB_calib_model/Qobs.txt
 File opened: ./SCRB_calib_model/par.txt
 Model parameters loaded

 ---------------------------------------------------
 Initialisations finished, calculations starts: 2022-03-30  time: 07:05:14
 ---------------------------------------------------
